<?xml version="1.0" encoding="UTF-8"?>
<!-- Generated by org.testng.reporters.JUnitXMLReporter -->
<testsuite ignored="1" hostname="Sakshi" failures="1" tests="1" name="Test(failed)" time="0.07" errors="0" timestamp="2023-09-16T23:22:01 IST">
  <testcase classname="testNGExecution.TestNGClass3" name="method6" time="0.013">
    <failure type="java.lang.ArithmeticException" message="/ by zero">
      <![CDATA[java.lang.ArithmeticException: / by zero
at testNGExecution.TestNGClass3.method6(TestNGClass3.java:16)
at java.base/java.util.ArrayList.forEach(ArrayList.java:1511)
... Removed 25 stack frames]]>
    </failure>
  </testcase> <!-- method6 -->
  <testcase classname="testNGExecution.TestNGClass3" name="method5" time="0.0">
    <ignored/>
  </testcase> <!-- method5 -->
</testsuite> <!-- Test(failed) -->
