<?xml version="1.0" encoding="UTF-8"?>
<!-- Generated by org.testng.reporters.JUnitXMLReporter -->
<testsuite ignored="1" hostname="Sakshi" failures="0" tests="1" name="Test(failed)(failed)" time="0.059" errors="0" timestamp="2023-09-16T23:22:44 IST">
  <testcase classname="testNGExecution.TestNGClass3" name="method6" time="0.012"/>
  <testcase classname="testNGExecution.TestNGClass3" name="method5" time="0.0">
    <ignored/>
  </testcase> <!-- method5 -->
</testsuite> <!-- Test(failed)(failed) -->
