<?xml version="1.0" encoding="UTF-8"?>
<testng-results ignored="0" total="1" passed="1" failed="0" skipped="0">
  <reporter-output>
  </reporter-output>
  <suite started-at="2023-11-30T09:41:40 IST" name="Default suite" finished-at="2023-11-30T09:41:48 IST" duration-ms="7738">
    <groups>
    </groups>
    <test started-at="2023-11-30T09:41:40 IST" name="Default test" finished-at="2023-11-30T09:41:48 IST" duration-ms="7738">
      <class name="pageObjectModel.TestScenario">
        <test-method is-config="true" signature="beforeTest()[pri:0, instance:pageObjectModel.TestScenario@22555ebf]" started-at="2023-11-30T09:41:40 IST" name="beforeTest" finished-at="2023-11-30T09:41:45 IST" duration-ms="5544" status="PASS">
          <reporter-output>
          </reporter-output>
        </test-method> <!-- beforeTest -->
        <test-method signature="searchOperation()[pri:0, instance:pageObjectModel.TestScenario@22555ebf]" started-at="2023-11-30T09:41:45 IST" name="searchOperation" finished-at="2023-11-30T09:41:45 IST" duration-ms="54" status="PASS">
          <reporter-output>
          </reporter-output>
        </test-method> <!-- searchOperation -->
        <test-method is-config="true" signature="afterTest()[pri:0, instance:pageObjectModel.TestScenario@22555ebf]" started-at="2023-11-30T09:41:45 IST" name="afterTest" finished-at="2023-11-30T09:41:48 IST" duration-ms="2113" status="PASS">
          <reporter-output>
          </reporter-output>
        </test-method> <!-- afterTest -->
      </class> <!-- pageObjectModel.TestScenario -->
    </test> <!-- Default test -->
  </suite> <!-- Default suite -->
</testng-results>
